#
# There is insufficient memory for the Java Runtime Environment to continue.
# Native memory allocation (malloc) failed to allocate 1048576 bytes for AllocateHeap
# Possible reasons:
#   The system is out of physical RAM or swap space
#   The process is running with CompressedOops enabled, and the Java Heap may be blocking the growth of the native heap
# Possible solutions:
#   Reduce memory load on the system
#   Increase physical memory or swap space
#   Check if swap backing store is full
#   Decrease Java heap size (-Xmx/-Xms)
#   Decrease number of Java threads
#   Decrease Java thread stack sizes (-Xss)
#   Set larger code cache with -XX:ReservedCodeCacheSize=
#   JVM is running with Unscaled Compressed Oops mode in which the Java heap is
#     placed in the first 4GB address space. The Java Heap base address is the
#     maximum limit for the native heap growth. Please use -XX:HeapBaseMinAddress
#     to set the Java Heap base and to place the Java Heap above 4GB virtual address.
# This output file may be truncated or incomplete.
#
#  Out of Memory Error (./open/src/hotspot/share/memory/allocation.cpp:46), pid=16324, tid=8216
#
# JRE version: Java(TM) SE Runtime Environment 18.9 (11.0.11+9) (build 11.0.11+9-LTS-194)
# Java VM: Java HotSpot(TM) 64-Bit Server VM 18.9 (11.0.11+9-LTS-194, mixed mode, tiered, compressed oops, g1 gc, windows-amd64)
# No core dump will be written. Minidumps are not enabled by default on client versions of Windows
#

---------------  S U M M A R Y ------------

Command Line: -XX:TieredStopAtLevel=1 -Xverify:none -Dspring.output.ansi.enabled=always -javaagent:C:\Program Files\JetBrains\IntelliJ IDEA 2021.1.3\lib\idea_rt.jar=52955:C:\Program Files\JetBrains\IntelliJ IDEA 2021.1.3\bin -Dcom.sun.management.jmxremote -Dspring.jmx.enabled=true -Dspring.liveBeansView.mbeanDomain -Dspring.application.admin.enabled=true -Dfile.encoding=UTF-8 com.hit.testspringboot.TestSpringBootApplication

Host: Intel(R) Core(TM) i5-1035G1 CPU @ 1.00GHz, 8 cores, 7G,  Windows 10 , 64 bit Build 22000 (10.0.22000.434)
Time: Wed Mar  2 17:20:11 2022 Altai Standard Time elapsed time: 9.827116 seconds (0d 0h 0m 9s)

---------------  T H R E A D  ---------------

Current thread (0x000001ef5f73d800):  VMThread "VM Thread" [stack: 0x0000000ed6000000,0x0000000ed6100000] [id=8216]

Stack: [0x0000000ed6000000,0x0000000ed6100000]
[error occurred during error reporting (printing stack bounds), id 0xc0000005, EXCEPTION_ACCESS_VIOLATION (0xc0000005) at pc=0x000001ef490710e7]

Native frames: (J=compiled Java code, j=interpreted, Vv=VM code, C=native code)
V  [jvm.dll+0x616f2a]
V  [jvm.dll+0x74de7f]
V  [jvm.dll+0x74f505]
V  [jvm.dll+0x74fae5]
V  [jvm.dll+0x74fa9b]
V  [jvm.dll+0x616763]
V  [jvm.dll+0x616b28]
C  [ntdll.dll+0xa86ef]
C  [ntdll.dll+0x35aea]
C  [ntdll.dll+0xa76fe]
C  0x000001ef490710e7

VM_Operation (0x0000000ed5af9ed0): CollectForMetadataAllocation, mode: safepoint, requested by thread 0x000001ef40bc5800


---------------  P R O C E S S  ---------------

Threads class SMR info:
_java_thread_list=0x000001ef61b17480, length=17, elements={
0x000001ef40bc5800, 0x000001ef5f73f000, 0x000001ef5f741800, 0x000001ef600b3000,
0x000001ef5f75c000, 0x000001ef5f75e000, 0x000001ef5f76b000, 0x000001ef5f6d0800,
0x000001ef605a1000, 0x000001ef605a1800, 0x000001ef607b4800, 0x000001ef61bc7800,
0x000001ef61b80800, 0x000001ef61b92800, 0x000001ef61ca4000, 0x000001ef6098f000,
0x000001ef60990000
}

Java Threads: ( => current thread )
  0x000001ef40bc5800 JavaThread "main" [_thread_blocked, id=15792, stack(0x0000000ed5a00000,0x0000000ed5b00000)]
  0x000001ef5f73f000 JavaThread "Reference Handler" daemon [_thread_blocked, id=14208, stack(0x0000000ed6100000,0x0000000ed6200000)]
  0x000001ef5f741800 JavaThread "Finalizer" daemon [_thread_blocked, id=10388, stack(0x0000000ed6200000,0x0000000ed6300000)]
  0x000001ef600b3000 JavaThread "Signal Dispatcher" daemon [_thread_blocked, id=3768, stack(0x0000000ed6300000,0x0000000ed6400000)]
  0x000001ef5f75c000 JavaThread "Attach Listener" daemon [_thread_blocked, id=9924, stack(0x0000000ed6400000,0x0000000ed6500000)]
  0x000001ef5f75e000 JavaThread "C1 CompilerThread0" daemon [_thread_blocked, id=15900, stack(0x0000000ed6500000,0x0000000ed6600000)]
  0x000001ef5f76b000 JavaThread "Sweeper thread" daemon [_thread_blocked, id=14820, stack(0x0000000ed6600000,0x0000000ed6700000)]
  0x000001ef5f6d0800 JavaThread "Common-Cleaner" daemon [_thread_blocked, id=2968, stack(0x0000000ed6700000,0x0000000ed6800000)]
  0x000001ef605a1000 JavaThread "Monitor Ctrl-Break" daemon [_thread_in_native, id=16444, stack(0x0000000ed6800000,0x0000000ed6900000)]
  0x000001ef605a1800 JavaThread "Service Thread" daemon [_thread_blocked, id=13756, stack(0x0000000ed6900000,0x0000000ed6a00000)]
  0x000001ef607b4800 JavaThread "RMI TCP Accept-0" daemon [_thread_in_native, id=9604, stack(0x0000000ed6a00000,0x0000000ed6b00000)]
  0x000001ef61bc7800 JavaThread "RMI TCP Connection(1)-192.168.1.15" daemon [_thread_in_native, id=6396, stack(0x0000000ed6d00000,0x0000000ed6e00000)]
  0x000001ef61b80800 JavaThread "RMI Scheduler(0)" daemon [_thread_blocked, id=1472, stack(0x0000000ed7100000,0x0000000ed7200000)]
  0x000001ef61b92800 JavaThread "JMX server connection timeout 21" daemon [_thread_blocked, id=13472, stack(0x0000000ed7200000,0x0000000ed7300000)]
  0x000001ef61ca4000 JavaThread "Catalina-utility-1" [_thread_blocked, id=11188, stack(0x0000000ed7300000,0x0000000ed7400000)]
  0x000001ef6098f000 JavaThread "Catalina-utility-2" [_thread_blocked, id=2520, stack(0x0000000ed7400000,0x0000000ed7500000)]
  0x000001ef60990000 JavaThread "container-0" [_thread_blocked, id=1812, stack(0x0000000ed7500000,0x0000000ed7600000)]

Other Threads:
=>0x000001ef5f73d800 VMThread "VM Thread" [stack: 0x0000000ed6000000,0x0000000ed6100000] [id=8216]
  0x000001ef60796800 WatcherThread [stack: 0x0000000ed6b00000,0x0000000ed6c00000] [id=6348]
  0x000001ef40bd9000 GCTaskThread "GC Thread#0" [stack: 0x0000000ed5b00000,0x0000000ed5c00000] [id=10364]
  0x000001ef60b30800 GCTaskThread "GC Thread#1" [stack: 0x0000000ed6c00000,0x0000000ed6d00000] [id=10076]
  0x000001ef6181f800 GCTaskThread "GC Thread#2" [stack: 0x0000000ed6e00000,0x0000000ed6f00000] [id=14288]
  0x000001ef6189c800 GCTaskThread "GC Thread#3" [stack: 0x0000000ed6f00000,0x0000000ed7000000] [id=16388]
  0x000001ef60ac6800 GCTaskThread "GC Thread#4" [stack: 0x0000000ed7600000,0x0000000ed7700000] [id=9816]
  0x000001ef60ac7000 GCTaskThread "GC Thread#5" [stack: 0x0000000ed7700000,0x0000000ed7800000] [id=556]
  0x000001ef60ac7800 GCTaskThread "GC Thread#6" [stack: 0x0000000ed7800000,0x0000000ed7900000] [id=14176]
  0x000001ef60ac9000 GCTaskThread "GC Thread#7" [stack: 0x0000000ed7900000,0x0000000ed7a00000] [id=15516]
  0x000001ef40c0e000 ConcurrentGCThread "G1 Main Marker" [stack: 0x0000000ed5c00000,0x0000000ed5d00000] [id=16592]
  0x000001ef40c0f800 ConcurrentGCThread "G1 Conc#0" [stack: 0x0000000ed5d00000,0x0000000ed5e00000] [id=14808]
  0x000001ef60bb0800 ConcurrentGCThread "G1 Conc#1" [stack: 0x0000000ed7000000,0x0000000ed7100000] [id=10836]
  0x000001ef5f572800 ConcurrentGCThread "G1 Refine#0" [stack: 0x0000000ed5e00000,0x0000000ed5f00000] [id=5220]
  0x000001ef5f573000 ConcurrentGCThread "G1 Young RemSet Sampling" [stack: 0x0000000ed5f00000,0x0000000ed6000000] [id=6784]

Threads with active compile tasks:

VM state:at safepoint (normal execution)

VM Mutex/Monitor currently owned by a thread:  ([mutex/lock_event])
[0x000001ef40bc03f0] Threads_lock - owner thread: 0x000001ef5f73d800
[0x000001ef40bc1560] Heap_lock - owner thread: 0x000001ef40bc5800

Heap address: 0x0000000084c00000, size: 1972 MB, Compressed Oops mode: 32-bit
Narrow klass base: 0x0000000000000000, Narrow klass shift: 3
Compressed class space size: 1073741824 Address: 0x0000000100000000

Heap:
 garbage-first heap   total 126976K, used 17080K [0x0000000084c00000, 0x0000000100000000)
  region size 1024K, 3 young (3072K), 3 survivors (3072K)
 Metaspace       used 39906K, capacity 41240K, committed 41424K, reserved 1095680K
  class space    used 5100K, capacity 5636K, committed 5760K, reserved 1048576K
Heap Regions: E=young(eden), S=young(survivor), O=old, HS=humongous(starts), HC=humongous(continues), CS=collection set, F=free, A=archive, TAMS=top-at-mark-start (previous, next)
|   0|0x0000000084c00000, 0x0000000084d00000, 0x0000000084d00000|100%|HS|  |TAMS 0x0000000084d00000, 0x0000000084d00000| Complete 
|   1|0x0000000084d00000, 0x0000000084e00000, 0x0000000084e00000|100%| O|  |TAMS 0x0000000084e00000, 0x0000000084e00000| Untracked 
|   2|0x0000000084e00000, 0x0000000084f00000, 0x0000000084f00000|100%| O|  |TAMS 0x0000000084f00000, 0x0000000084f00000| Untracked 
|   3|0x0000000084f00000, 0x0000000085000000, 0x0000000085000000|100%| O|  |TAMS 0x0000000085000000, 0x0000000085000000| Untracked 
|   4|0x0000000085000000, 0x0000000085100000, 0x0000000085100000|100%| O|  |TAMS 0x0000000085100000, 0x0000000085100000| Untracked 
|   5|0x0000000085100000, 0x0000000085200000, 0x0000000085200000|100%| O|  |TAMS 0x0000000085200000, 0x0000000085200000| Untracked 
|   6|0x0000000085200000, 0x0000000085300000, 0x0000000085300000|100%| O|  |TAMS 0x0000000085300000, 0x0000000085300000| Untracked 
|   7|0x0000000085300000, 0x0000000085400000, 0x0000000085400000|100%| O|  |TAMS 0x0000000085400000, 0x0000000085400000| Untracked 
|   8|0x0000000085400000, 0x0000000085500000, 0x0000000085500000|100%| O|  |TAMS 0x0000000085500000, 0x0000000085500000| Untracked 
|   9|0x0000000085500000, 0x0000000085600000, 0x0000000085600000|100%| O|  |TAMS 0x0000000085500000, 0x0000000085600000| Untracked 
|  10|0x0000000085600000, 0x0000000085700000, 0x0000000085700000|100%| O|  |TAMS 0x0000000085600000, 0x0000000085700000| Untracked 
|  11|0x0000000085700000, 0x0000000085800000, 0x0000000085800000|100%| O|  |TAMS 0x0000000085700000, 0x0000000085800000| Untracked 
|  12|0x0000000085800000, 0x0000000085900000, 0x0000000085900000|100%| O|  |TAMS 0x0000000085800000, 0x0000000085900000| Untracked 
|  13|0x0000000085900000, 0x00000000859bc200, 0x0000000085a00000| 73%| O|  |TAMS 0x0000000085900000, 0x00000000859bc200| Untracked 
|  14|0x0000000085a00000, 0x0000000085a00000, 0x0000000085b00000|  0%| F|  |TAMS 0x0000000085a00000, 0x0000000085a00000| Untracked 
|  15|0x0000000085b00000, 0x0000000085b00000, 0x0000000085c00000|  0%| F|  |TAMS 0x0000000085b00000, 0x0000000085b00000| Untracked 
|  16|0x0000000085c00000, 0x0000000085c00000, 0x0000000085d00000|  0%| F|  |TAMS 0x0000000085c00000, 0x0000000085c00000| Untracked 
|  17|0x0000000085d00000, 0x0000000085d00000, 0x0000000085e00000|  0%| F|  |TAMS 0x0000000085d00000, 0x0000000085d00000| Untracked 
|  18|0x0000000085e00000, 0x0000000085e00000, 0x0000000085f00000|  0%| F|  |TAMS 0x0000000085e00000, 0x0000000085e00000| Untracked 
|  19|0x0000000085f00000, 0x0000000085f00000, 0x0000000086000000|  0%| F|  |TAMS 0x0000000085f00000, 0x0000000085f00000| Untracked 
|  20|0x0000000086000000, 0x0000000086000000, 0x0000000086100000|  0%| F|  |TAMS 0x0000000086000000, 0x0000000086000000| Untracked 
|  21|0x0000000086100000, 0x0000000086100000, 0x0000000086200000|  0%| F|  |TAMS 0x0000000086100000, 0x0000000086100000| Untracked 
|  22|0x0000000086200000, 0x0000000086200000, 0x0000000086300000|  0%| F|  |TAMS 0x0000000086200000, 0x0000000086200000| Untracked 
|  23|0x0000000086300000, 0x0000000086300000, 0x0000000086400000|  0%| F|  |TAMS 0x0000000086300000, 0x0000000086300000| Untracked 
|  24|0x0000000086400000, 0x0000000086400000, 0x0000000086500000|  0%| F|  |TAMS 0x0000000086400000, 0x0000000086400000| Untracked 
|  25|0x0000000086500000, 0x0000000086500000, 0x0000000086600000|  0%| F|  |TAMS 0x0000000086500000, 0x0000000086500000| Untracked 
|  26|0x0000000086600000, 0x0000000086600000, 0x0000000086700000|  0%| F|  |TAMS 0x0000000086600000, 0x0000000086600000| Untracked 
|  27|0x0000000086700000, 0x0000000086700000, 0x0000000086800000|  0%| F|  |TAMS 0x0000000086700000, 0x0000000086700000| Untracked 
|  28|0x0000000086800000, 0x0000000086800000, 0x0000000086900000|  0%| F|  |TAMS 0x0000000086800000, 0x0000000086800000| Untracked 
|  29|0x0000000086900000, 0x0000000086900000, 0x0000000086a00000|  0%| F|  |TAMS 0x0000000086900000, 0x0000000086900000| Untracked 
|  30|0x0000000086a00000, 0x0000000086a00000, 0x0000000086b00000|  0%| F|  |TAMS 0x0000000086a00000, 0x0000000086a00000| Untracked 
|  31|0x0000000086b00000, 0x0000000086b00000, 0x0000000086c00000|  0%| F|  |TAMS 0x0000000086b00000, 0x0000000086b00000| Untracked 
|  32|0x0000000086c00000, 0x0000000086c00000, 0x0000000086d00000|  0%| F|  |TAMS 0x0000000086c00000, 0x0000000086c00000| Untracked 
|  33|0x0000000086d00000, 0x0000000086d00000, 0x0000000086e00000|  0%| F|  |TAMS 0x0000000086d00000, 0x0000000086d00000| Untracked 
|  34|0x0000000086e00000, 0x0000000086e00000, 0x0000000086f00000|  0%| F|  |TAMS 0x0000000086e00000, 0x0000000086e00000| Untracked 
|  35|0x0000000086f00000, 0x0000000086f00000, 0x0000000087000000|  0%| F|  |TAMS 0x0000000086f00000, 0x0000000086f00000| Untracked 
|  36|0x0000000087000000, 0x0000000087000000, 0x0000000087100000|  0%| F|  |TAMS 0x0000000087000000, 0x0000000087000000| Untracked 
|  37|0x0000000087100000, 0x0000000087100000, 0x0000000087200000|  0%| F|  |TAMS 0x0000000087100000, 0x0000000087100000| Untracked 
|  38|0x0000000087200000, 0x0000000087200000, 0x0000000087300000|  0%| F|  |TAMS 0x0000000087200000, 0x0000000087200000| Untracked 
|  39|0x0000000087300000, 0x0000000087300000, 0x0000000087400000|  0%| F|  |TAMS 0x0000000087300000, 0x0000000087300000| Untracked 
|  40|0x0000000087400000, 0x0000000087400000, 0x0000000087500000|  0%| F|  |TAMS 0x0000000087400000, 0x0000000087400000| Untracked 
|  41|0x0000000087500000, 0x0000000087500000, 0x0000000087600000|  0%| F|  |TAMS 0x0000000087500000, 0x0000000087500000| Untracked 
|  42|0x0000000087600000, 0x0000000087600000, 0x0000000087700000|  0%| F|  |TAMS 0x0000000087600000, 0x0000000087600000| Untracked 
|  43|0x0000000087700000, 0x0000000087700000, 0x0000000087800000|  0%| F|  |TAMS 0x0000000087700000, 0x0000000087700000| Untracked 
|  44|0x0000000087800000, 0x0000000087800000, 0x0000000087900000|  0%| F|  |TAMS 0x0000000087800000, 0x0000000087800000| Untracked 
|  45|0x0000000087900000, 0x0000000087900000, 0x0000000087a00000|  0%| F|  |TAMS 0x0000000087900000, 0x0000000087900000| Untracked 
|  46|0x0000000087a00000, 0x0000000087a00000, 0x0000000087b00000|  0%| F|  |TAMS 0x0000000087a00000, 0x0000000087a00000| Untracked 
|  47|0x0000000087b00000, 0x0000000087b00000, 0x0000000087c00000|  0%| F|  |TAMS 0x0000000087b00000, 0x0000000087b00000| Untracked 
|  48|0x0000000087c00000, 0x0000000087c00000, 0x0000000087d00000|  0%| F|  |TAMS 0x0000000087c00000, 0x0000000087c00000| Untracked 
|  49|0x0000000087d00000, 0x0000000087d00000, 0x0000000087e00000|  0%| F|  |TAMS 0x0000000087d00000, 0x0000000087d00000| Untracked 
|  50|0x0000000087e00000, 0x0000000087e00000, 0x0000000087f00000|  0%| F|  |TAMS 0x0000000087e00000, 0x0000000087e00000| Untracked 
|  51|0x0000000087f00000, 0x0000000087f00000, 0x0000000088000000|  0%| F|  |TAMS 0x0000000087f00000, 0x0000000087f00000| Untracked 
|  52|0x0000000088000000, 0x0000000088000000, 0x0000000088100000|  0%| F|  |TAMS 0x0000000088000000, 0x0000000088000000| Untracked 
|  53|0x0000000088100000, 0x0000000088100000, 0x0000000088200000|  0%| F|  |TAMS 0x0000000088100000, 0x0000000088100000| Untracked 
|  54|0x0000000088200000, 0x0000000088200000, 0x0000000088300000|  0%| F|  |TAMS 0x0000000088200000, 0x0000000088200000| Untracked 
|  55|0x0000000088300000, 0x0000000088300000, 0x0000000088400000|  0%| F|  |TAMS 0x0000000088300000, 0x0000000088300000| Untracked 
|  56|0x0000000088400000, 0x0000000088400000, 0x0000000088500000|  0%| F|  |TAMS 0x0000000088400000, 0x0000000088400000| Untracked 
|  57|0x0000000088500000, 0x0000000088500000, 0x0000000088600000|  0%| F|  |TAMS 0x0000000088500000, 0x0000000088500000| Untracked 
|  58|0x0000000088600000, 0x0000000088600000, 0x0000000088700000|  0%| F|  |TAMS 0x0000000088600000, 0x0000000088600000| Untracked 
|  59|0x0000000088700000, 0x0000000088700000, 0x0000000088800000|  0%| F|  |TAMS 0x0000000088700000, 0x0000000088700000| Untracked 
|  60|0x0000000088800000, 0x0000000088800000, 0x0000000088900000|  0%| F|  |TAMS 0x0000000088800000, 0x0000000088800000| Untracked 
|  61|0x0000000088900000, 0x0000000088900000, 0x0000000088a00000|  0%| F|  |TAMS 0x0000000088900000, 0x0000000088900000| Untracked 
|  62|0x0000000088a00000, 0x0000000088a00000, 0x0000000088b00000|  0%| F|  |TAMS 0x0000000088a00000, 0x0000000088a00000| Untracked 
|  63|0x0000000088b00000, 0x0000000088b00000, 0x0000000088c00000|  0%| F|  |TAMS 0x0000000088b00000, 0x0000000088b00000| Untracked 
|  64|0x0000000088c00000, 0x0000000088c00000, 0x0000000088d00000|  0%| F|  |TAMS 0x0000000088c00000, 0x0000000088c00000| Untracked 
|  65|0x0000000088d00000, 0x0000000088d00000, 0x0000000088e00000|  0%| F|  |TAMS 0x0000000088d00000, 0x0000000088d00000| Untracked 
|  66|0x0000000088e00000, 0x0000000088e00000, 0x0000000088f00000|  0%| F|  |TAMS 0x0000000088e00000, 0x0000000088e00000| Untracked 
|  67|0x0000000088f00000, 0x0000000088f00000, 0x0000000089000000|  0%| F|  |TAMS 0x0000000088f00000, 0x0000000088f00000| Untracked 
|  68|0x0000000089000000, 0x0000000089000000, 0x0000000089100000|  0%| F|  |TAMS 0x0000000089000000, 0x0000000089000000| Untracked 
|  69|0x0000000089100000, 0x0000000089100000, 0x0000000089200000|  0%| F|  |TAMS 0x0000000089100000, 0x0000000089100000| Untracked 
|  70|0x0000000089200000, 0x0000000089200000, 0x0000000089300000|  0%| F|  |TAMS 0x0000000089200000, 0x0000000089200000| Untracked 
|  71|0x0000000089300000, 0x0000000089300000, 0x0000000089400000|  0%| F|  |TAMS 0x0000000089300000, 0x0000000089300000| Untracked 
|  72|0x0000000089400000, 0x0000000089400000, 0x0000000089500000|  0%| F|  |TAMS 0x0000000089400000, 0x0000000089400000| Untracked 
|  73|0x0000000089500000, 0x0000000089500000, 0x0000000089600000|  0%| F|  |TAMS 0x0000000089500000, 0x0000000089500000| Untracked 
|  74|0x0000000089600000, 0x0000000089600000, 0x0000000089700000|  0%| F|  |TAMS 0x0000000089600000, 0x0000000089600000| Untracked 
|  75|0x0000000089700000, 0x0000000089700000, 0x0000000089800000|  0%| F|  |TAMS 0x0000000089700000, 0x0000000089700000| Untracked 
|  76|0x0000000089800000, 0x0000000089800000, 0x0000000089900000|  0%| F|  |TAMS 0x0000000089800000, 0x0000000089800000| Untracked 
|  77|0x0000000089900000, 0x0000000089900000, 0x0000000089a00000|  0%| F|  |TAMS 0x0000000089900000, 0x0000000089900000| Untracked 
|  78|0x0000000089a00000, 0x0000000089a00000, 0x0000000089b00000|  0%| F|  |TAMS 0x0000000089a00000, 0x0000000089a00000| Untracked 
|  79|0x0000000089b00000, 0x0000000089b00000, 0x0000000089c00000|  0%| F|  |TAMS 0x0000000089b00000, 0x0000000089b00000| Untracked 
|  80|0x0000000089c00000, 0x0000000089c00000, 0x0000000089d00000|  0%| F|  |TAMS 0x0000000089c00000, 0x0000000089c00000| Untracked 
|  81|0x0000000089d00000, 0x0000000089d00000, 0x0000000089e00000|  0%| F|  |TAMS 0x0000000089d00000, 0x0000000089d00000| Untracked 
|  82|0x0000000089e00000, 0x0000000089e00000, 0x0000000089f00000|  0%| F|  |TAMS 0x0000000089e00000, 0x0000000089e00000| Untracked 
|  83|0x0000000089f00000, 0x0000000089f00000, 0x000000008a000000|  0%| F|  |TAMS 0x0000000089f00000, 0x0000000089f00000| Untracked 
|  84|0x000000008a000000, 0x000000008a000000, 0x000000008a100000|  0%| F|  |TAMS 0x000000008a000000, 0x000000008a000000| Untracked 
|  85|0x000000008a100000, 0x000000008a100000, 0x000000008a200000|  0%| F|  |TAMS 0x000000008a100000, 0x000000008a100000| Untracked 
|  86|0x000000008a200000, 0x000000008a200000, 0x000000008a300000|  0%| F|  |TAMS 0x000000008a200000, 0x000000008a200000| Untracked 
|  87|0x000000008a300000, 0x000000008a300000, 0x000000008a400000|  0%| F|  |TAMS 0x000000008a300000, 0x000000008a300000| Untracked 
|  88|0x000000008a400000, 0x000000008a400000, 0x000000008a500000|  0%| F|  |TAMS 0x000000008a400000, 0x000000008a400000| Untracked 
|  89|0x000000008a500000, 0x000000008a500000, 0x000000008a600000|  0%| F|  |TAMS 0x000000008a500000, 0x000000008a500000| Untracked 
|  90|0x000000008a600000, 0x000000008a600000, 0x000000008a700000|  0%| F|  |TAMS 0x000000008a600000, 0x000000008a600000| Untracked 
|  91|0x000000008a700000, 0x000000008a7f1e60, 0x000000008a800000| 94%| S|CS|TAMS 0x000000008a700000, 0x000000008a700000| Complete 
|  92|0x000000008a800000, 0x000000008a900000, 0x000000008a900000|100%| S|CS|TAMS 0x000000008a800000, 0x000000008a800000| Complete 
|  93|0x000000008a900000, 0x000000008aa00000, 0x000000008aa00000|100%| S|CS|TAMS 0x000000008a900000, 0x000000008a900000| Complete 
|  94|0x000000008aa00000, 0x000000008aa00000, 0x000000008ab00000|  0%| F|  |TAMS 0x000000008aa00000, 0x000000008aa00000| Untracked 
|  95|0x000000008ab00000, 0x000000008ab00000, 0x000000008ac00000|  0%| F|  |TAMS 0x000000008ab00000, 0x000000008ab00000| Untracked 
|  96|0x000000008ac00000, 0x000000008ac00000, 0x000000008ad00000|  0%| F|  |TAMS 0x000000008ac00000, 0x000000008ac00000| Untracked 
|  97|0x000000008ad00000, 0x000000008ad00000, 0x000000008ae00000|  0%| F|  |TAMS 0x000000008ad00000, 0x000000008ad00000| Untracked 
|  98|0x000000008ae00000, 0x000000008ae00000, 0x000000008af00000|  0%| F|  |TAMS 0x000000008ae00000, 0x000000008ae00000| Untracked 
|  99|0x000000008af00000, 0x000000008af00000, 0x000000008b000000|  0%| F|  |TAMS 0x000000008af00000, 0x000000008af00000| Untracked 
| 100|0x000000008b000000, 0x000000008b000000, 0x000000008b100000|  0%| F|  |TAMS 0x000000008b000000, 0x000000008b000000| Untracked 
| 101|0x000000008b100000, 0x000000008b100000, 0x000000008b200000|  0%| F|  |TAMS 0x000000008b100000, 0x000000008b100000| Untracked 
| 102|0x000000008b200000, 0x000000008b200000, 0x000000008b300000|  0%| F|  |TAMS 0x000000008b200000, 0x000000008b200000| Untracked 
| 103|0x000000008b300000, 0x000000008b300000, 0x000000008b400000|  0%| F|  |TAMS 0x000000008b300000, 0x000000008b300000| Untracked 
| 104|0x000000008b400000, 0x000000008b400000, 0x000000008b500000|  0%| F|  |TAMS 0x000000008b400000, 0x000000008b400000| Untracked 
| 105|0x000000008b500000, 0x000000008b500000, 0x000000008b600000|  0%| F|  |TAMS 0x000000008b500000, 0x000000008b500000| Untracked 
| 106|0x000000008b600000, 0x000000008b600000, 0x000000008b700000|  0%| F|  |TAMS 0x000000008b600000, 0x000000008b600000| Untracked 
| 107|0x000000008b700000, 0x000000008b700000, 0x000000008b800000|  0%| F|  |TAMS 0x000000008b700000, 0x000000008b700000| Untracked 
| 108|0x000000008b800000, 0x000000008b800000, 0x000000008b900000|  0%| F|  |TAMS 0x000000008b800000, 0x000000008b800000| Untracked 
| 109|0x000000008b900000, 0x000000008b900000, 0x000000008ba00000|  0%| F|  |TAMS 0x000000008b900000, 0x000000008b900000| Untracked 
| 110|0x000000008ba00000, 0x000000008ba00000, 0x000000008bb00000|  0%| F|  |TAMS 0x000000008ba00000, 0x000000008ba00000| Untracked 
| 111|0x000000008bb00000, 0x000000008bb00000, 0x000000008bc00000|  0%| F|  |TAMS 0x000000008bb00000, 0x000000008bb00000| Untracked 
| 112|0x000000008bc00000, 0x000000008bc00000, 0x000000008bd00000|  0%| F|  |TAMS 0x000000008bc00000, 0x000000008bc00000| Untracked 
| 113|0x000000008bd00000, 0x000000008bd00000, 0x000000008be00000|  0%| F|  |TAMS 0x000000008bd00000, 0x000000008bd00000| Untracked 
| 114|0x000000008be00000, 0x000000008be00000, 0x000000008bf00000|  0%| F|  |TAMS 0x000000008be00000, 0x000000008be00000| Untracked 
| 115|0x000000008bf00000, 0x000000008bf00000, 0x000000008c000000|  0%| F|  |TAMS 0x000000008bf00000, 0x000000008bf00000| Untracked 
| 116|0x000000008c000000, 0x000000008c000000, 0x000000008c100000|  0%| F|  |TAMS 0x000000008c000000, 0x000000008c000000| Untracked 
| 117|0x000000008c100000, 0x000000008c100000, 0x000000008c200000|  0%| F|  |TAMS 0x000000008c100000, 0x000000008c100000| Untracked 
| 118|0x000000008c200000, 0x000000008c200000, 0x000000008c300000|  0%| F|  |TAMS 0x000000008c200000, 0x000000008c200000| Untracked 
| 119|0x000000008c300000, 0x000000008c300000, 0x000000008c400000|  0%| F|  |TAMS 0x000000008c300000, 0x000000008c300000| Untracked 
| 120|0x000000008c400000, 0x000000008c400000, 0x000000008c500000|  0%| F|  |TAMS 0x000000008c400000, 0x000000008c400000| Untracked 
| 121|0x000000008c500000, 0x000000008c500000, 0x000000008c600000|  0%| F|  |TAMS 0x000000008c500000, 0x000000008c500000| Untracked 
| 122|0x000000008c600000, 0x000000008c600000, 0x000000008c700000|  0%| F|  |TAMS 0x000000008c600000, 0x000000008c600000| Untracked 
| 123|0x000000008c700000, 0x000000008c700000, 0x000000008c800000|  0%| F|  |TAMS 0x000000008c700000, 0x000000008c700000| Untracked 

Card table byte_map: [0x000001ef58790000,0x000001ef58b70000] _byte_map_base: 0x000001ef5836a000

Marking Bits (Prev, Next): (CMBitMap*) 0x000001ef40c025d8, (CMBitMap*) 0x000001ef40c02610
 Prev Bits: [0x000001ef58f50000, 0x000001ef5ae20000)
 Next Bits: [0x000001ef5ae20000, 0x000001ef5ccf0000)

Polling page: 0x000001ef3eb50000

Metaspace:

Usage:
  Non-class:     34.77 MB capacity,    33.99 MB ( 98%) used,   646.96 KB (  2%) free+waste,   150.94 KB ( <1%) overhead. 
      Class:      5.50 MB capacity,     4.98 MB ( 90%) used,   459.89 KB (  8%) free+waste,    75.63 KB (  1%) overhead. 
       Both:     40.27 MB capacity,    38.97 MB ( 97%) used,     1.08 MB (  3%) free+waste,   226.56 KB ( <1%) overhead. 

Virtual space:
  Non-class space:       46.00 MB reserved,      34.83 MB ( 76%) committed 
      Class space:        1.00 GB reserved,       5.63 MB ( <1%) committed 
             Both:        1.04 GB reserved,      40.45 MB (  4%) committed 

Chunk freelists:
   Non-Class:  7.50 KB
       Class:  0 bytes
        Both:  7.50 KB

CodeHeap 'non-profiled nmethods': size=238336Kb used=5370Kb max_used=5370Kb free=232965Kb
 bounds [0x000001ef497b0000, 0x000001ef49cf0000, 0x000001ef58070000]
CodeHeap 'non-nmethods': size=7424Kb used=1177Kb max_used=1177Kb free=6247Kb
 bounds [0x000001ef49070000, 0x000001ef492e0000, 0x000001ef497b0000]
 total_blobs=4073 nmethods=3569 adapters=430
 compilation: enabled
              stopped_count=0, restarted_count=0
 full_count=0

Compilation events (10 events):
Event: 9.781 Thread 0x000001ef5f75e000 3566       1       java.lang.invoke.MethodHandles::foldArgumentChecks (217 bytes)
Event: 9.783 Thread 0x000001ef5f75e000 nmethod 3566 0x000001ef49cebe10 code [0x000001ef49cec120, 0x000001ef49cecb58]
Event: 9.784 Thread 0x000001ef5f75e000 3565       1       java.lang.invoke.MethodHandles::foldArguments (100 bytes)
Event: 9.784 Thread 0x000001ef5f75e000 nmethod 3565 0x000001ef49ced310 code [0x000001ef49ced500, 0x000001ef49ced878]
Event: 9.785 Thread 0x000001ef5f75e000 3567       1       java.lang.invoke.LambdaFormEditor::foldArgumentsForm (120 bytes)
Event: 9.785 Thread 0x000001ef5f75e000 nmethod 3567 0x000001ef49cedc10 code [0x000001ef49cede00, 0x000001ef49cee168]
Event: 9.785 Thread 0x000001ef5f75e000 3568       1       java.lang.invoke.LambdaFormEditor$Transform::of (9 bytes)
Event: 9.785 Thread 0x000001ef5f75e000 nmethod 3568 0x000001ef49cee390 code [0x000001ef49cee540, 0x000001ef49cee608]
Event: 9.785 Thread 0x000001ef5f75e000 3564       1       java.lang.invoke.MethodType::insertParameterTypes (10 bytes)
Event: 9.786 Thread 0x000001ef5f75e000 nmethod 3564 0x000001ef49cee690 code [0x000001ef49cee860, 0x000001ef49cee9f8]

GC Heap History (10 events):
Event: 5.411 GC heap before
{Heap before GC invocations=3 (full 0):
 garbage-first heap   total 126976K, used 43851K [0x0000000084c00000, 0x0000000100000000)
  region size 1024K, 40 young (40960K), 5 survivors (5120K)
 Metaspace       used 23653K, capacity 24378K, committed 24624K, reserved 1071104K
  class space    used 2786K, capacity 3086K, committed 3200K, reserved 1048576K
}
Event: 5.422 GC heap after
{Heap after GC invocations=4 (full 0):
 garbage-first heap   total 126976K, used 9987K [0x0000000084c00000, 0x0000000100000000)
  region size 1024K, 3 young (3072K), 3 survivors (3072K)
 Metaspace       used 23653K, capacity 24378K, committed 24624K, reserved 1071104K
  class space    used 2786K, capacity 3086K, committed 3200K, reserved 1048576K
}
Event: 6.189 GC heap before
{Heap before GC invocations=4 (full 0):
 garbage-first heap   total 126976K, used 62211K [0x0000000084c00000, 0x0000000100000000)
  region size 1024K, 55 young (56320K), 3 survivors (3072K)
 Metaspace       used 25629K, capacity 26463K, committed 26672K, reserved 1073152K
  class space    used 3072K, capacity 3417K, committed 3456K, reserved 1048576K
}
Event: 6.198 GC heap after
{Heap after GC invocations=5 (full 0):
 garbage-first heap   total 126976K, used 11147K [0x0000000084c00000, 0x0000000100000000)
  region size 1024K, 4 young (4096K), 4 survivors (4096K)
 Metaspace       used 25629K, capacity 26463K, committed 26672K, reserved 1073152K
  class space    used 3072K, capacity 3417K, committed 3456K, reserved 1048576K
}
Event: 7.923 GC heap before
{Heap before GC invocations=5 (full 0):
 garbage-first heap   total 126976K, used 73611K [0x0000000084c00000, 0x0000000100000000)
  region size 1024K, 65 young (66560K), 4 survivors (4096K)
 Metaspace       used 32471K, capacity 33662K, committed 33968K, reserved 1079296K
  class space    used 4019K, capacity 4520K, committed 4608K, reserved 1048576K
}
Event: 7.946 GC heap after
{Heap after GC invocations=6 (full 0):
 garbage-first heap   total 126976K, used 14219K [0x0000000084c00000, 0x0000000100000000)
  region size 1024K, 7 young (7168K), 7 survivors (7168K)
 Metaspace       used 32471K, capacity 33662K, committed 33968K, reserved 1079296K
  class space    used 4019K, capacity 4520K, committed 4608K, reserved 1048576K
}
Event: 8.557 GC heap before
{Heap before GC invocations=6 (full 0):
 garbage-first heap   total 126976K, used 67467K [0x0000000084c00000, 0x0000000100000000)
  region size 1024K, 61 young (62464K), 7 survivors (7168K)
 Metaspace       used 34533K, capacity 35800K, committed 35920K, reserved 1081344K
  class space    used 4262K, capacity 4809K, committed 4864K, reserved 1048576K
}
Event: 8.571 GC heap after
{Heap after GC invocations=7 (full 0):
 garbage-first heap   total 126976K, used 16384K [0x0000000084c00000, 0x0000000100000000)
  region size 1024K, 7 young (7168K), 7 survivors (7168K)
 Metaspace       used 34533K, capacity 35800K, committed 35920K, reserved 1081344K
  class space    used 4262K, capacity 4809K, committed 4864K, reserved 1048576K
}
Event: 9.795 GC heap before
{Heap before GC invocations=8 (full 0):
 garbage-first heap   total 126976K, used 46080K [0x0000000084c00000, 0x0000000100000000)
  region size 1024K, 37 young (37888K), 7 survivors (7168K)
 Metaspace       used 39906K, capacity 41240K, committed 41424K, reserved 1093632K
  class space    used 5100K, capacity 5636K, committed 5760K, reserved 1048576K
}
Event: 9.806 GC heap after
{Heap after GC invocations=9 (full 0):
 garbage-first heap   total 126976K, used 17080K [0x0000000084c00000, 0x0000000100000000)
  region size 1024K, 3 young (3072K), 3 survivors (3072K)
 Metaspace       used 39906K, capacity 41240K, committed 41424K, reserved 1093632K
  class space    used 5100K, capacity 5636K, committed 5760K, reserved 1048576K
}

Deoptimization events (0 events):
No events

Classes redefined (0 events):
No events

Internal exceptions (10 events):
Event: 7.158 Thread 0x000001ef40bc5800 Exception <a 'java/lang/ClassNotFoundException'{0x000000008a2fbf68}: org/springframework/beans/factory/AwareCustomizer> (0x000000008a2fbf68) thrown at [./open/src/hotspot/share/classfile/systemDictionary.cpp, line 228]
Event: 7.223 Thread 0x000001ef40bc5800 Exception <a 'java/lang/NoSuchMethodError'{0x0000000089f79288}: java.lang.invoke.DirectMethodHandle$Holder.invokeSpecialIFC(Ljava/lang/Object;Ljava/lang/Object;Ljava/lang/Object;)Ljava/lang/Object;> (0x0000000089f79288) thrown at [./open/src/hotspot/share
Event: 7.321 Thread 0x000001ef40bc5800 Exception <a 'java/lang/NoSuchMethodError'{0x0000000089d3f8d8}: java.lang.invoke.DirectMethodHandle$Holder.invokeSpecial(Ljava/lang/Object;Ljava/lang/Object;Ljava/lang/Object;Ljava/lang/Object;Ljava/lang/Object;)I> (0x0000000089d3f8d8) thrown at [./open/s
Event: 7.445 Thread 0x000001ef40bc5800 Exception <a 'java/lang/NoSuchMethodError'{0x0000000089bf1468}: java.lang.invoke.DelegatingMethodHandle$Holder.delegate(Ljava/lang/Object;Ljava/lang/Object;ILjava/lang/Object;)V> (0x0000000089bf1468) thrown at [./open/src/hotspot/share/interpreter/linkRes
Event: 7.491 Thread 0x000001ef40bc5800 Exception <a 'java/lang/NoSuchMethodError'{0x00000000899295c0}: java.lang.invoke.DirectMethodHandle$Holder.invokeInterface(Ljava/lang/Object;Ljava/lang/Object;I)V> (0x00000000899295c0) thrown at [./open/src/hotspot/share/interpreter/linkResolver.cpp, line
Event: 7.498 Thread 0x000001ef40bc5800 Exception <a 'java/lang/IncompatibleClassChangeError'{0x0000000089974a28}: Found class java.lang.Object, but interface was expected> (0x0000000089974a28) thrown at [./open/src/hotspot/share/interpreter/linkResolver.cpp, line 838]
Event: 7.499 Thread 0x000001ef40bc5800 Exception <a 'java/lang/NoSuchMethodError'{0x00000000899798c8}: java.lang.invoke.DirectMethodHandle$Holder.invokeStatic(Ljava/lang/Object;ILjava/lang/Object;)V> (0x00000000899798c8) thrown at [./open/src/hotspot/share/interpreter/linkResolver.cpp, line 77
Event: 8.100 Thread 0x000001ef40bc5800 Exception <a 'java/io/FileNotFoundException'{0x0000000089ebacb0}> (0x0000000089ebacb0) thrown at [./open/src/hotspot/share/prims/jni.cpp, line 611]
Event: 8.166 Thread 0x000001ef40bc5800 Exception <a 'java/lang/NoSuchMethodError'{0x0000000089bcd208}: java.lang.invoke.DirectMethodHandle$Holder.invokeInterface(Ljava/lang/Object;Ljava/lang/Object;Ljava/lang/Object;Ljava/lang/Object;)I> (0x0000000089bcd208) thrown at [./open/src/hotspot/share
Event: 8.246 Thread 0x000001ef40bc5800 Exception <a 'java/io/FileNotFoundException'{0x00000000898c4db8}> (0x00000000898c4db8) thrown at [./open/src/hotspot/share/prims/jni.cpp, line 611]

Events (10 events):
Event: 9.785 loading class org/hibernate/boot/archive/scan/spi/ScanParameters done
Event: 9.788 loading class org/hibernate/boot/internal/InFlightMetadataCollectorImpl
Event: 9.788 loading class org/hibernate/boot/internal/InFlightMetadataCollectorImpl done
Event: 9.792 loading class org/hibernate/boot/spi/InFlightMetadataCollector
Event: 9.792 loading class org/hibernate/boot/spi/InFlightMetadataCollector done
Event: 9.793 loading class org/hibernate/boot/spi/MetadataImplementor
Event: 9.793 loading class org/hibernate/boot/spi/MetadataImplementor done
Event: 9.793 loading class org/hibernate/boot/Metadata
Event: 9.793 loading class org/hibernate/boot/Metadata done
Event: 9.795 Executing VM operation: CollectForMetadataAllocation


Dynamic libraries:
0x00007ff67f790000 - 0x00007ff67f79f000 	C:\Program Files\Java\jdk-11.0.11\bin\java.exe
0x00007ffb74280000 - 0x00007ffb74489000 	C:\WINDOWS\SYSTEM32\ntdll.dll
0x00007ffb73220000 - 0x00007ffb732dd000 	C:\WINDOWS\System32\KERNEL32.DLL
0x00007ffb71da0000 - 0x00007ffb72114000 	C:\WINDOWS\System32\KERNELBASE.dll
0x00007ffb718b0000 - 0x00007ffb719c1000 	C:\WINDOWS\System32\ucrtbase.dll
0x00007ffb69150000 - 0x00007ffb69165000 	C:\Program Files\Java\jdk-11.0.11\bin\VCRUNTIME140.dll
0x00007ffb69130000 - 0x00007ffb69148000 	C:\Program Files\Java\jdk-11.0.11\bin\jli.dll
0x00007ffb733d0000 - 0x00007ffb7347e000 	C:\WINDOWS\System32\ADVAPI32.dll
0x00007ffb73c10000 - 0x00007ffb73cb3000 	C:\WINDOWS\System32\msvcrt.dll
0x00007ffb72a40000 - 0x00007ffb72ade000 	C:\WINDOWS\System32\sechost.dll
0x00007ffb72e90000 - 0x00007ffb72fb0000 	C:\WINDOWS\System32\RPCRT4.dll
0x00007ffb72b40000 - 0x00007ffb72cec000 	C:\WINDOWS\System32\USER32.dll
0x00007ffb58810000 - 0x00007ffb58ab5000 	C:\WINDOWS\WinSxS\amd64_microsoft.windows.common-controls_6595b64144ccf1df_6.0.22000.120_none_9d947278b86cc467\COMCTL32.dll
0x00007ffb71770000 - 0x00007ffb71796000 	C:\WINDOWS\System32\win32u.dll
0x00007ffb72b10000 - 0x00007ffb72b39000 	C:\WINDOWS\System32\GDI32.dll
0x00007ffb71b40000 - 0x00007ffb71c52000 	C:\WINDOWS\System32\gdi32full.dll
0x00007ffb717a0000 - 0x00007ffb7183d000 	C:\WINDOWS\System32\msvcp_win.dll
0x00007ffb68550000 - 0x00007ffb6855a000 	C:\WINDOWS\SYSTEM32\VERSION.dll
0x00007ffb728d0000 - 0x00007ffb72901000 	C:\WINDOWS\System32\IMM32.DLL
0x00007ffb3e050000 - 0x00007ffb3e0eb000 	C:\Program Files\Java\jdk-11.0.11\bin\msvcp140.dll
0x00007ffaed650000 - 0x00007ffaee14e000 	C:\Program Files\Java\jdk-11.0.11\bin\server\jvm.dll
0x00007ffb73360000 - 0x00007ffb73368000 	C:\WINDOWS\System32\PSAPI.DLL
0x00007ffb5e390000 - 0x00007ffb5e399000 	C:\WINDOWS\SYSTEM32\WSOCK32.dll
0x00007ffb68c10000 - 0x00007ffb68c43000 	C:\WINDOWS\SYSTEM32\WINMM.dll
0x00007ffb73b10000 - 0x00007ffb73b7f000 	C:\WINDOWS\System32\WS2_32.dll
0x00007ffb70960000 - 0x00007ffb70978000 	C:\WINDOWS\SYSTEM32\kernel.appcore.dll
0x00007ffb69210000 - 0x00007ffb69220000 	C:\Program Files\Java\jdk-11.0.11\bin\verify.dll
0x00007ffb6f170000 - 0x00007ffb6f391000 	C:\WINDOWS\SYSTEM32\DBGHELP.DLL
0x00007ffb632c0000 - 0x00007ffb632f1000 	C:\WINDOWS\SYSTEM32\dbgcore.DLL
0x00007ffb71c60000 - 0x00007ffb71cdf000 	C:\WINDOWS\System32\bcryptPrimitives.dll
0x00007ffb5a4a0000 - 0x00007ffb5a4c8000 	C:\Program Files\Java\jdk-11.0.11\bin\java.dll
0x00007ffb69120000 - 0x00007ffb6912a000 	C:\Program Files\Java\jdk-11.0.11\bin\jimage.dll
0x00007ffb690f0000 - 0x00007ffb690fe000 	C:\Program Files\Java\jdk-11.0.11\bin\instrument.dll
0x00007ffb5a520000 - 0x00007ffb5a536000 	C:\Program Files\Java\jdk-11.0.11\bin\zip.dll
0x00007ffb72120000 - 0x00007ffb728ce000 	C:\WINDOWS\System32\SHELL32.dll
0x00007ffb6f8f0000 - 0x00007ffb70157000 	C:\WINDOWS\SYSTEM32\windows.storage.dll
0x00007ffb73730000 - 0x00007ffb73aa8000 	C:\WINDOWS\System32\combase.dll
0x00007ffb6f780000 - 0x00007ffb6f8e6000 	C:\WINDOWS\SYSTEM32\wintypes.dll
0x00007ffb73480000 - 0x00007ffb7356a000 	C:\WINDOWS\System32\SHCORE.dll
0x00007ffb73370000 - 0x00007ffb733cd000 	C:\WINDOWS\System32\shlwapi.dll
0x00007ffb716a0000 - 0x00007ffb716c1000 	C:\WINDOWS\SYSTEM32\profapi.dll
0x00007ffb5a190000 - 0x00007ffb5a1a9000 	C:\Program Files\Java\jdk-11.0.11\bin\net.dll
0x00007ffb69a20000 - 0x00007ffb69b2c000 	C:\WINDOWS\SYSTEM32\WINHTTP.dll
0x00007ffb70d90000 - 0x00007ffb70df7000 	C:\WINDOWS\system32\mswsock.dll
0x00007ffb5a170000 - 0x00007ffb5a182000 	C:\Program Files\Java\jdk-11.0.11\bin\nio.dll
0x00007ffb5a150000 - 0x00007ffb5a16a000 	C:\Program Files\JetBrains\IntelliJ IDEA 2021.1.3\bin\breakgen64.dll
0x00007ffb704c0000 - 0x00007ffb705a7000 	C:\WINDOWS\SYSTEM32\DNSAPI.dll
0x00007ffb70490000 - 0x00007ffb704bd000 	C:\WINDOWS\SYSTEM32\IPHLPAPI.DLL
0x00007ffb73210000 - 0x00007ffb73219000 	C:\WINDOWS\System32\NSI.dll
0x00007ffb65ea0000 - 0x00007ffb65eaa000 	C:\Windows\System32\rasadhlp.dll
0x00007ffb658c0000 - 0x00007ffb65941000 	C:\WINDOWS\System32\fwpuclnt.dll
0x00007ffb68db0000 - 0x00007ffb68db9000 	C:\Program Files\Java\jdk-11.0.11\bin\management.dll
0x00007ffb66a90000 - 0x00007ffb66a9b000 	C:\Program Files\Java\jdk-11.0.11\bin\management_ext.dll
0x00007ffb70fd0000 - 0x00007ffb70fe8000 	C:\WINDOWS\SYSTEM32\CRYPTSP.dll
0x00007ffb708c0000 - 0x00007ffb708f5000 	C:\WINDOWS\system32\rsaenh.dll
0x00007ffb70e80000 - 0x00007ffb70ea9000 	C:\WINDOWS\SYSTEM32\USERENV.dll
0x00007ffb71150000 - 0x00007ffb71177000 	C:\WINDOWS\SYSTEM32\bcrypt.dll
0x00007ffb70ff0000 - 0x00007ffb70ffc000 	C:\WINDOWS\SYSTEM32\CRYPTBASE.dll
0x00007ffb692e0000 - 0x00007ffb692f9000 	C:\WINDOWS\SYSTEM32\dhcpcsvc6.DLL
0x00007ffb69420000 - 0x00007ffb6943e000 	C:\WINDOWS\SYSTEM32\dhcpcsvc.DLL
0x00007ffb5d270000 - 0x00007ffb5d287000 	C:\WINDOWS\system32\napinsp.dll
0x00007ffb5d250000 - 0x00007ffb5d26b000 	C:\WINDOWS\system32\pnrpnsp.dll
0x00007ffb5d230000 - 0x00007ffb5d242000 	C:\WINDOWS\System32\winrnr.dll
0x00007ffb45200000 - 0x00007ffb45215000 	C:\WINDOWS\system32\wshbth.dll
0x00007ffb451e0000 - 0x00007ffb451ff000 	C:\WINDOWS\system32\nlansp_c.dll
0x00007ffb5e350000 - 0x00007ffb5e375000 	C:\Program Files\Java\jdk-11.0.11\bin\sunec.dll

dbghelp: loaded successfully - version: 4.0.5 - missing functions: none
symbol engine: initialized successfully - sym options: 0x614 - pdb path: .;C:\Program Files\Java\jdk-11.0.11\bin;C:\WINDOWS\SYSTEM32;C:\WINDOWS\WinSxS\amd64_microsoft.windows.common-controls_6595b64144ccf1df_6.0.22000.120_none_9d947278b86cc467;C:\Program Files\Java\jdk-11.0.11\bin\server;C:\Program Files\JetBrains\IntelliJ IDEA 2021.1.3\bin

VM Arguments:
jvm_args: -XX:TieredStopAtLevel=1 -Xverify:none -Dspring.output.ansi.enabled=always -javaagent:C:\Program Files\JetBrains\IntelliJ IDEA 2021.1.3\lib\idea_rt.jar=52955:C:\Program Files\JetBrains\IntelliJ IDEA 2021.1.3\bin -Dcom.sun.management.jmxremote -Dspring.jmx.enabled=true -Dspring.liveBeansView.mbeanDomain -Dspring.application.admin.enabled=true -Dfile.encoding=UTF-8 
java_command: com.hit.testspringboot.TestSpringBootApplication
java_class_path (initial): D:\SpringBoot\TestSpringBoot\target\classes;C:\Users\ADMIN\.m2\repository\org\springframework\boot\spring-boot-starter-data-jpa\2.6.4\spring-boot-starter-data-jpa-2.6.4.jar;C:\Users\ADMIN\.m2\repository\org\springframework\boot\spring-boot-starter-aop\2.6.4\spring-boot-starter-aop-2.6.4.jar;C:\Users\ADMIN\.m2\repository\org\springframework\spring-aop\5.3.16\spring-aop-5.3.16.jar;C:\Users\ADMIN\.m2\repository\org\aspectj\aspectjweaver\1.9.7\aspectjweaver-1.9.7.jar;C:\Users\ADMIN\.m2\repository\org\springframework\boot\spring-boot-starter-jdbc\2.6.4\spring-boot-starter-jdbc-2.6.4.jar;C:\Users\ADMIN\.m2\repository\com\zaxxer\HikariCP\4.0.3\HikariCP-4.0.3.jar;C:\Users\ADMIN\.m2\repository\org\springframework\spring-jdbc\5.3.16\spring-jdbc-5.3.16.jar;C:\Users\ADMIN\.m2\repository\jakarta\transaction\jakarta.transaction-api\1.3.3\jakarta.transaction-api-1.3.3.jar;C:\Users\ADMIN\.m2\repository\jakarta\persistence\jakarta.persistence-api\2.2.3\jakarta.persistence-api-2.2.3.jar;C:\Users\ADMIN\.m2\repository\org\hibernate\hibernate-core\5.6.5.Final\hibernate-core-5.6.5.Final.jar;C:\Users\ADMIN\.m2\repository\org\jboss\logging\jboss-logging\3.4.3.Final\jboss-logging-3.4.3.Final.jar;C:\Users\ADMIN\.m2\repository\net\bytebuddy\byte-buddy\1.11.22\byte-buddy-1.11.22.jar;C:\Users\ADMIN\.m2\repository\antlr\antlr\2.7.7\antlr-2.7.7.jar;C:\Users\ADMIN\.m2\repository\org\jboss\jandex\2.4.2.Final\jandex-2.4.2.Final.jar;C:\Users\ADMIN\.m2\repository\com\fasterxml\classmate\1.5.1\classmate-1.5.1.jar;C:\Users\ADMIN\.m2\repository\org\hibernate\common\hibernate-commons-annotations\5.1.2.Final\hibernate-commons-annotations-5.1.2.Final.jar;C:\Users\ADMIN\.m2\repository\org\glassfish\jaxb\jaxb-runtime\2.3.6\jaxb-runtime-2.3.6.jar;C:\Users\ADMIN\.m2\repository\org\glassfish\jaxb\txw2\2.3.6\txw2-2.3.6.jar;C:\Users\ADMIN\.m2\repository\com\sun\istack\istack-commons-runtime\3.0.12\istack-commons-runtime-3.0.12.jar;C:\Users\ADMIN\.m2\repository\com\sun\activation\jakart
Launcher Type: SUN_STANDARD

[Global flags]
     bool BytecodeVerificationLocal                = false                                     {product} {command line}
     bool BytecodeVerificationRemote               = false                                     {product} {command line}
     intx CICompilerCount                          = 4                                         {product} {ergonomic}
     uint ConcGCThreads                            = 2                                         {product} {ergonomic}
     uint G1ConcRefinementThreads                  = 8                                         {product} {ergonomic}
   size_t G1HeapRegionSize                         = 1048576                                   {product} {ergonomic}
    uintx GCDrainStackTargetSize                   = 64                                        {product} {ergonomic}
   size_t InitialHeapSize                          = 130023424                                 {product} {ergonomic}
     bool ManagementServer                         = true                                      {product} {command line}
   size_t MarkStackSize                            = 4194304                                   {product} {ergonomic}
   size_t MaxHeapSize                              = 2067791872                                {product} {ergonomic}
   size_t MaxNewSize                               = 1240465408                                {product} {ergonomic}
   size_t MinHeapDeltaBytes                        = 1048576                                   {product} {ergonomic}
    uintx NonNMethodCodeHeapSize                   = 7549744                                {pd product} {ergonomic}
    uintx NonProfiledCodeHeapSize                  = 244108496                              {pd product} {ergonomic}
    uintx ProfiledCodeHeapSize                     = 0                                      {pd product} {ergonomic}
    uintx ReservedCodeCacheSize                    = 251658240                              {pd product} {ergonomic}
     bool SegmentedCodeCache                       = true                                      {product} {ergonomic}
     intx TieredStopAtLevel                        = 1                                         {product} {command line}
     bool UseCompressedClassPointers               = true                                 {lp64_product} {ergonomic}
     bool UseCompressedOops                        = true                                 {lp64_product} {ergonomic}
     bool UseG1GC                                  = true                                      {product} {ergonomic}
     bool UseLargePagesIndividualAllocation        = false                                  {pd product} {ergonomic}

Logging:
Log output configuration:
 #0: stdout all=warning uptime,level,tags
 #1: stderr all=off uptime,level,tags

Environment Variables:
JAVA_HOME=C:\Program Files\Java\jdk-11.0.11
PATH=C:\Program Files\Common Files\Oracle\Java\javapath;C:\Windows\system32;C:\Windows;C:\Windows\System32\Wbem;C:\Windows\System32\WindowsPowerShell\v1.0\;C:\Windows\System32\OpenSSH\;C:\Program Files (x86)\NVIDIA Corporation\PhysX\Common;C:\WINDOWS\system32;C:\WINDOWS;C:\WINDOWS\System32\Wbem;C:\WINDOWS\System32\WindowsPowerShell\v1.0\;C:\WINDOWS\System32\OpenSSH\;C:\Program Files\Microsoft SQL Server\Client SDK\ODBC\170\Tools\Binn\;C:\Program Files (x86)\Microsoft SQL Server\150\Tools\Binn\;C:\Program Files\Microsoft SQL Server\150\Tools\Binn\;C:\Program Files\Microsoft SQL Server\150\DTS\Binn\;C:\Program Files (x86)\Microsoft SQL Server\150\DTS\Binn\;C:\Program Files\Azure Data Studio\bin;C:\Program Files\nodejs\;C:\Program Files\Git\cmd;C:\Program Files\Java\apache-maven-3.6.0\bin;C:\Program Files\Java\jdk-11.0.11\bin;C:\Users\ADMIN\AppData\Local\Microsoft\WindowsApps;;C:\Users\ADMIN\AppData\Local\Programs\Microsoft VS Code\bin;C:\Program Files\Azure Data Studio\bin;C:\Program Files\JetBrains\IntelliJ IDEA Community Edition 2021.2.3\bin;;C:\Users\ADMIN\AppData\Roaming\npm;C:\Program Files\JetBrains\IntelliJ IDEA 2021.1.3\bin;
USERNAME=ADMIN
OS=Windows_NT
PROCESSOR_IDENTIFIER=Intel64 Family 6 Model 126 Stepping 5, GenuineIntel



---------------  S Y S T E M  ---------------

OS: Windows 10 , 64 bit Build 22000 (10.0.22000.434)

CPU:total 8 (initial active 8) (4 cores per cpu, 2 threads per core) family 6 model 126 stepping 5 microcode 0xa0, cmov, cx8, fxsr, mmx, sse, sse2, sse3, ssse3, sse4.1, sse4.2, popcnt, avx, avx2, aes, clmul, erms, 3dnowpref, lzcnt, ht, tsc, tscinvbit, bmi1, bmi2, adx, evex, sha, fma

Memory: 4k page, system-wide physical 7883M (289M free)
TotalPageFile size 32459M (AvailPageFile size 0M)
current process WorkingSet (physical memory assigned to process): 177M, peak: 177M
current process commit charge ("private bytes"): 256M, peak: 257M

vm_info: Java HotSpot(TM) 64-Bit Server VM (11.0.11+9-LTS-194) for windows-amd64 JRE (11.0.11+9-LTS-194), built on Mar 18 2021 18:46:53 by "mach5one" with MS VC++ 15.9 (VS2017)

END.
